<?xml version="1.0" encoding="UTF-8"?>
<testsuite xmlns:xsi="http://www.w3.org/2001/XMLSchema-instance" xsi:noNamespaceSchemaLocation="https://maven.apache.org/surefire/maven-surefire-plugin/xsd/surefire-test-report-3.0.xsd" version="3.0" name="br.ufg.inf.backend.StpDourados.StpDouradosApplicationTests" time="4.755" tests="1" errors="0" skipped="0" failures="0">
  <properties>
    <property name="java.specification.version" value="21"/>
    <property name="sun.jnu.encoding" value="UTF-8"/>
    <property name="java.class.path" value="/home/devs/Documents/Projetos_pos/StpDourados/target/test-classes:/home/devs/Documents/Projetos_pos/StpDourados/target/classes:/home/devs/.m2/repository/org/springframework/boot/spring-boot-starter-data-jpa/3.3.1/spring-boot-starter-data-jpa-3.3.1.jar:/home/devs/.m2/repository/org/springframework/boot/spring-boot-starter-aop/3.3.1/spring-boot-starter-aop-3.3.1.jar:/home/devs/.m2/repository/org/springframework/spring-aop/6.1.10/spring-aop-6.1.10.jar:/home/devs/.m2/repository/org/aspectj/aspectjweaver/1.9.22/aspectjweaver-1.9.22.jar:/home/devs/.m2/repository/org/springframework/boot/spring-boot-starter-jdbc/3.3.1/spring-boot-starter-jdbc-3.3.1.jar:/home/devs/.m2/repository/com/zaxxer/HikariCP/5.1.0/HikariCP-5.1.0.jar:/home/devs/.m2/repository/org/springframework/spring-jdbc/6.1.10/spring-jdbc-6.1.10.jar:/home/devs/.m2/repository/org/hibernate/orm/hibernate-core/6.5.2.Final/hibernate-core-6.5.2.Final.jar:/home/devs/.m2/repository/jakarta/persistence/jakarta.persistence-api/3.1.0/jakarta.persistence-api-3.1.0.jar:/home/devs/.m2/repository/jakarta/transaction/jakarta.transaction-api/2.0.1/jakarta.transaction-api-2.0.1.jar:/home/devs/.m2/repository/org/jboss/logging/jboss-logging/3.5.3.Final/jboss-logging-3.5.3.Final.jar:/home/devs/.m2/repository/org/hibernate/common/hibernate-commons-annotations/6.0.6.Final/hibernate-commons-annotations-6.0.6.Final.jar:/home/devs/.m2/repository/io/smallrye/jandex/3.1.2/jandex-3.1.2.jar:/home/devs/.m2/repository/com/fasterxml/classmate/1.7.0/classmate-1.7.0.jar:/home/devs/.m2/repository/net/bytebuddy/byte-buddy/1.14.17/byte-buddy-1.14.17.jar:/home/devs/.m2/repository/org/glassfish/jaxb/jaxb-runtime/4.0.5/jaxb-runtime-4.0.5.jar:/home/devs/.m2/repository/org/glassfish/jaxb/jaxb-core/4.0.5/jaxb-core-4.0.5.jar:/home/devs/.m2/repository/org/eclipse/angus/angus-activation/2.0.2/angus-activation-2.0.2.jar:/home/devs/.m2/repository/org/glassfish/jaxb/txw2/4.0.5/txw2-4.0.5.jar:/home/devs/.m2/repository/com/sun/istack/istack-commons-runtime/4.1.2/istack-commons-runtime-4.1.2.jar:/home/devs/.m2/repository/jakarta/inject/jakarta.inject-api/2.0.1/jakarta.inject-api-2.0.1.jar:/home/devs/.m2/repository/org/antlr/antlr4-runtime/4.13.0/antlr4-runtime-4.13.0.jar:/home/devs/.m2/repository/org/springframework/data/spring-data-jpa/3.3.1/spring-data-jpa-3.3.1.jar:/home/devs/.m2/repository/org/springframework/data/spring-data-commons/3.3.1/spring-data-commons-3.3.1.jar:/home/devs/.m2/repository/org/springframework/spring-orm/6.1.10/spring-orm-6.1.10.jar:/home/devs/.m2/repository/org/springframework/spring-context/6.1.10/spring-context-6.1.10.jar:/home/devs/.m2/repository/org/springframework/spring-tx/6.1.10/spring-tx-6.1.10.jar:/home/devs/.m2/repository/org/springframework/spring-beans/6.1.10/spring-beans-6.1.10.jar:/home/devs/.m2/repository/org/slf4j/slf4j-api/2.0.13/slf4j-api-2.0.13.jar:/home/devs/.m2/repository/org/springframework/spring-aspects/6.1.10/spring-aspects-6.1.10.jar:/home/devs/.m2/repository/org/springframework/boot/spring-boot-starter-web/3.3.1/spring-boot-starter-web-3.3.1.jar:/home/devs/.m2/repository/org/springframework/boot/spring-boot-starter/3.3.1/spring-boot-starter-3.3.1.jar:/home/devs/.m2/repository/org/springframework/boot/spring-boot-starter-logging/3.3.1/spring-boot-starter-logging-3.3.1.jar:/home/devs/.m2/repository/ch/qos/logback/logback-classic/1.5.6/logback-classic-1.5.6.jar:/home/devs/.m2/repository/ch/qos/logback/logback-core/1.5.6/logback-core-1.5.6.jar:/home/devs/.m2/repository/org/apache/logging/log4j/log4j-to-slf4j/2.23.1/log4j-to-slf4j-2.23.1.jar:/home/devs/.m2/repository/org/apache/logging/log4j/log4j-api/2.23.1/log4j-api-2.23.1.jar:/home/devs/.m2/repository/org/slf4j/jul-to-slf4j/2.0.13/jul-to-slf4j-2.0.13.jar:/home/devs/.m2/repository/org/yaml/snakeyaml/2.2/snakeyaml-2.2.jar:/home/devs/.m2/repository/org/springframework/boot/spring-boot-starter-json/3.3.1/spring-boot-starter-json-3.3.1.jar:/home/devs/.m2/repository/com/fasterxml/jackson/core/jackson-databind/2.17.1/jackson-databind-2.17.1.jar:/home/devs/.m2/repository/com/fasterxml/jackson/core/jackson-annotations/2.17.1/jackson-annotations-2.17.1.jar:/home/devs/.m2/repository/com/fasterxml/jackson/core/jackson-core/2.17.1/jackson-core-2.17.1.jar:/home/devs/.m2/repository/com/fasterxml/jackson/datatype/jackson-datatype-jdk8/2.17.1/jackson-datatype-jdk8-2.17.1.jar:/home/devs/.m2/repository/com/fasterxml/jackson/datatype/jackson-datatype-jsr310/2.17.1/jackson-datatype-jsr310-2.17.1.jar:/home/devs/.m2/repository/com/fasterxml/jackson/module/jackson-module-parameter-names/2.17.1/jackson-module-parameter-names-2.17.1.jar:/home/devs/.m2/repository/org/springframework/spring-web/6.1.10/spring-web-6.1.10.jar:/home/devs/.m2/repository/io/micrometer/micrometer-observation/1.13.1/micrometer-observation-1.13.1.jar:/home/devs/.m2/repository/io/micrometer/micrometer-commons/1.13.1/micrometer-commons-1.13.1.jar:/home/devs/.m2/repository/org/springframework/spring-webmvc/6.1.10/spring-webmvc-6.1.10.jar:/home/devs/.m2/repository/org/springframework/spring-expression/6.1.10/spring-expression-6.1.10.jar:/home/devs/.m2/repository/org/springframework/boot/spring-boot-devtools/3.3.1/spring-boot-devtools-3.3.1.jar:/home/devs/.m2/repository/org/springframework/boot/spring-boot/3.3.1/spring-boot-3.3.1.jar:/home/devs/.m2/repository/org/springframework/boot/spring-boot-autoconfigure/3.3.1/spring-boot-autoconfigure-3.3.1.jar:/home/devs/.m2/repository/org/postgresql/postgresql/42.7.3/postgresql-42.7.3.jar:/home/devs/.m2/repository/org/checkerframework/checker-qual/3.42.0/checker-qual-3.42.0.jar:/home/devs/.m2/repository/org/springframework/boot/spring-boot-starter-tomcat/3.3.1/spring-boot-starter-tomcat-3.3.1.jar:/home/devs/.m2/repository/jakarta/annotation/jakarta.annotation-api/2.1.1/jakarta.annotation-api-2.1.1.jar:/home/devs/.m2/repository/org/apache/tomcat/embed/tomcat-embed-core/10.1.25/tomcat-embed-core-10.1.25.jar:/home/devs/.m2/repository/org/apache/tomcat/embed/tomcat-embed-el/10.1.25/tomcat-embed-el-10.1.25.jar:/home/devs/.m2/repository/org/apache/tomcat/embed/tomcat-embed-websocket/10.1.25/tomcat-embed-websocket-10.1.25.jar:/home/devs/.m2/repository/org/springframework/boot/spring-boot-starter-test/3.3.1/spring-boot-starter-test-3.3.1.jar:/home/devs/.m2/repository/org/springframework/boot/spring-boot-test/3.3.1/spring-boot-test-3.3.1.jar:/home/devs/.m2/repository/org/springframework/boot/spring-boot-test-autoconfigure/3.3.1/spring-boot-test-autoconfigure-3.3.1.jar:/home/devs/.m2/repository/com/jayway/jsonpath/json-path/2.9.0/json-path-2.9.0.jar:/home/devs/.m2/repository/jakarta/xml/bind/jakarta.xml.bind-api/4.0.2/jakarta.xml.bind-api-4.0.2.jar:/home/devs/.m2/repository/jakarta/activation/jakarta.activation-api/2.1.3/jakarta.activation-api-2.1.3.jar:/home/devs/.m2/repository/net/minidev/json-smart/2.5.1/json-smart-2.5.1.jar:/home/devs/.m2/repository/net/minidev/accessors-smart/2.5.1/accessors-smart-2.5.1.jar:/home/devs/.m2/repository/org/ow2/asm/asm/9.6/asm-9.6.jar:/home/devs/.m2/repository/org/assertj/assertj-core/3.25.3/assertj-core-3.25.3.jar:/home/devs/.m2/repository/org/awaitility/awaitility/4.2.1/awaitility-4.2.1.jar:/home/devs/.m2/repository/org/hamcrest/hamcrest/2.2/hamcrest-2.2.jar:/home/devs/.m2/repository/org/junit/jupiter/junit-jupiter/5.10.2/junit-jupiter-5.10.2.jar:/home/devs/.m2/repository/org/junit/jupiter/junit-jupiter-api/5.10.2/junit-jupiter-api-5.10.2.jar:/home/devs/.m2/repository/org/opentest4j/opentest4j/1.3.0/opentest4j-1.3.0.jar:/home/devs/.m2/repository/org/junit/platform/junit-platform-commons/1.10.2/junit-platform-commons-1.10.2.jar:/home/devs/.m2/repository/org/apiguardian/apiguardian-api/1.1.2/apiguardian-api-1.1.2.jar:/home/devs/.m2/repository/org/junit/jupiter/junit-jupiter-params/5.10.2/junit-jupiter-params-5.10.2.jar:/home/devs/.m2/repository/org/junit/jupiter/junit-jupiter-engine/5.10.2/junit-jupiter-engine-5.10.2.jar:/home/devs/.m2/repository/org/junit/platform/junit-platform-engine/1.10.2/junit-platform-engine-1.10.2.jar:/home/devs/.m2/repository/org/mockito/mockito-core/5.11.0/mockito-core-5.11.0.jar:/home/devs/.m2/repository/net/bytebuddy/byte-buddy-agent/1.14.17/byte-buddy-agent-1.14.17.jar:/home/devs/.m2/repository/org/objenesis/objenesis/3.3/objenesis-3.3.jar:/home/devs/.m2/repository/org/mockito/mockito-junit-jupiter/5.11.0/mockito-junit-jupiter-5.11.0.jar:/home/devs/.m2/repository/org/skyscreamer/jsonassert/1.5.1/jsonassert-1.5.1.jar:/home/devs/.m2/repository/com/vaadin/external/google/android-json/0.0.20131108.vaadin1/android-json-0.0.20131108.vaadin1.jar:/home/devs/.m2/repository/org/springframework/spring-core/6.1.10/spring-core-6.1.10.jar:/home/devs/.m2/repository/org/springframework/spring-jcl/6.1.10/spring-jcl-6.1.10.jar:/home/devs/.m2/repository/org/springframework/spring-test/6.1.10/spring-test-6.1.10.jar:/home/devs/.m2/repository/org/xmlunit/xmlunit-core/2.9.1/xmlunit-core-2.9.1.jar:"/>
    <property name="java.vm.vendor" value="Ubuntu"/>
    <property name="sun.arch.data.model" value="64"/>
    <property name="java.vendor.url" value="https://ubuntu.com/"/>
    <property name="user.timezone" value="America/Sao_Paulo"/>
    <property name="org.jboss.logging.provider" value="slf4j"/>
    <property name="user.country.format" value="BR"/>
    <property name="os.name" value="Linux"/>
    <property name="java.vm.specification.version" value="21"/>
    <property name="sun.java.launcher" value="SUN_STANDARD"/>
    <property name="user.country" value="US"/>
    <property name="sun.boot.library.path" value="/usr/lib/jvm/java-21-openjdk-amd64/lib"/>
    <property name="sun.java.command" value="/home/devs/Documents/Projetos_pos/StpDourados/target/surefire/surefirebooter-20240704002107752_3.jar /home/devs/Documents/Projetos_pos/StpDourados/target/surefire 2024-07-04T00-21-07_680-jvmRun1 surefire-20240704002107752_1tmp surefire_0-20240704002107752_2tmp"/>
    <property name="jdk.debug" value="release"/>
    <property name="surefire.test.class.path" value="/home/devs/Documents/Projetos_pos/StpDourados/target/test-classes:/home/devs/Documents/Projetos_pos/StpDourados/target/classes:/home/devs/.m2/repository/org/springframework/boot/spring-boot-starter-data-jpa/3.3.1/spring-boot-starter-data-jpa-3.3.1.jar:/home/devs/.m2/repository/org/springframework/boot/spring-boot-starter-aop/3.3.1/spring-boot-starter-aop-3.3.1.jar:/home/devs/.m2/repository/org/springframework/spring-aop/6.1.10/spring-aop-6.1.10.jar:/home/devs/.m2/repository/org/aspectj/aspectjweaver/1.9.22/aspectjweaver-1.9.22.jar:/home/devs/.m2/repository/org/springframework/boot/spring-boot-starter-jdbc/3.3.1/spring-boot-starter-jdbc-3.3.1.jar:/home/devs/.m2/repository/com/zaxxer/HikariCP/5.1.0/HikariCP-5.1.0.jar:/home/devs/.m2/repository/org/springframework/spring-jdbc/6.1.10/spring-jdbc-6.1.10.jar:/home/devs/.m2/repository/org/hibernate/orm/hibernate-core/6.5.2.Final/hibernate-core-6.5.2.Final.jar:/home/devs/.m2/repository/jakarta/persistence/jakarta.persistence-api/3.1.0/jakarta.persistence-api-3.1.0.jar:/home/devs/.m2/repository/jakarta/transaction/jakarta.transaction-api/2.0.1/jakarta.transaction-api-2.0.1.jar:/home/devs/.m2/repository/org/jboss/logging/jboss-logging/3.5.3.Final/jboss-logging-3.5.3.Final.jar:/home/devs/.m2/repository/org/hibernate/common/hibernate-commons-annotations/6.0.6.Final/hibernate-commons-annotations-6.0.6.Final.jar:/home/devs/.m2/repository/io/smallrye/jandex/3.1.2/jandex-3.1.2.jar:/home/devs/.m2/repository/com/fasterxml/classmate/1.7.0/classmate-1.7.0.jar:/home/devs/.m2/repository/net/bytebuddy/byte-buddy/1.14.17/byte-buddy-1.14.17.jar:/home/devs/.m2/repository/org/glassfish/jaxb/jaxb-runtime/4.0.5/jaxb-runtime-4.0.5.jar:/home/devs/.m2/repository/org/glassfish/jaxb/jaxb-core/4.0.5/jaxb-core-4.0.5.jar:/home/devs/.m2/repository/org/eclipse/angus/angus-activation/2.0.2/angus-activation-2.0.2.jar:/home/devs/.m2/repository/org/glassfish/jaxb/txw2/4.0.5/txw2-4.0.5.jar:/home/devs/.m2/repository/com/sun/istack/istack-commons-runtime/4.1.2/istack-commons-runtime-4.1.2.jar:/home/devs/.m2/repository/jakarta/inject/jakarta.inject-api/2.0.1/jakarta.inject-api-2.0.1.jar:/home/devs/.m2/repository/org/antlr/antlr4-runtime/4.13.0/antlr4-runtime-4.13.0.jar:/home/devs/.m2/repository/org/springframework/data/spring-data-jpa/3.3.1/spring-data-jpa-3.3.1.jar:/home/devs/.m2/repository/org/springframework/data/spring-data-commons/3.3.1/spring-data-commons-3.3.1.jar:/home/devs/.m2/repository/org/springframework/spring-orm/6.1.10/spring-orm-6.1.10.jar:/home/devs/.m2/repository/org/springframework/spring-context/6.1.10/spring-context-6.1.10.jar:/home/devs/.m2/repository/org/springframework/spring-tx/6.1.10/spring-tx-6.1.10.jar:/home/devs/.m2/repository/org/springframework/spring-beans/6.1.10/spring-beans-6.1.10.jar:/home/devs/.m2/repository/org/slf4j/slf4j-api/2.0.13/slf4j-api-2.0.13.jar:/home/devs/.m2/repository/org/springframework/spring-aspects/6.1.10/spring-aspects-6.1.10.jar:/home/devs/.m2/repository/org/springframework/boot/spring-boot-starter-web/3.3.1/spring-boot-starter-web-3.3.1.jar:/home/devs/.m2/repository/org/springframework/boot/spring-boot-starter/3.3.1/spring-boot-starter-3.3.1.jar:/home/devs/.m2/repository/org/springframework/boot/spring-boot-starter-logging/3.3.1/spring-boot-starter-logging-3.3.1.jar:/home/devs/.m2/repository/ch/qos/logback/logback-classic/1.5.6/logback-classic-1.5.6.jar:/home/devs/.m2/repository/ch/qos/logback/logback-core/1.5.6/logback-core-1.5.6.jar:/home/devs/.m2/repository/org/apache/logging/log4j/log4j-to-slf4j/2.23.1/log4j-to-slf4j-2.23.1.jar:/home/devs/.m2/repository/org/apache/logging/log4j/log4j-api/2.23.1/log4j-api-2.23.1.jar:/home/devs/.m2/repository/org/slf4j/jul-to-slf4j/2.0.13/jul-to-slf4j-2.0.13.jar:/home/devs/.m2/repository/org/yaml/snakeyaml/2.2/snakeyaml-2.2.jar:/home/devs/.m2/repository/org/springframework/boot/spring-boot-starter-json/3.3.1/spring-boot-starter-json-3.3.1.jar:/home/devs/.m2/repository/com/fasterxml/jackson/core/jackson-databind/2.17.1/jackson-databind-2.17.1.jar:/home/devs/.m2/repository/com/fasterxml/jackson/core/jackson-annotations/2.17.1/jackson-annotations-2.17.1.jar:/home/devs/.m2/repository/com/fasterxml/jackson/core/jackson-core/2.17.1/jackson-core-2.17.1.jar:/home/devs/.m2/repository/com/fasterxml/jackson/datatype/jackson-datatype-jdk8/2.17.1/jackson-datatype-jdk8-2.17.1.jar:/home/devs/.m2/repository/com/fasterxml/jackson/datatype/jackson-datatype-jsr310/2.17.1/jackson-datatype-jsr310-2.17.1.jar:/home/devs/.m2/repository/com/fasterxml/jackson/module/jackson-module-parameter-names/2.17.1/jackson-module-parameter-names-2.17.1.jar:/home/devs/.m2/repository/org/springframework/spring-web/6.1.10/spring-web-6.1.10.jar:/home/devs/.m2/repository/io/micrometer/micrometer-observation/1.13.1/micrometer-observation-1.13.1.jar:/home/devs/.m2/repository/io/micrometer/micrometer-commons/1.13.1/micrometer-commons-1.13.1.jar:/home/devs/.m2/repository/org/springframework/spring-webmvc/6.1.10/spring-webmvc-6.1.10.jar:/home/devs/.m2/repository/org/springframework/spring-expression/6.1.10/spring-expression-6.1.10.jar:/home/devs/.m2/repository/org/springframework/boot/spring-boot-devtools/3.3.1/spring-boot-devtools-3.3.1.jar:/home/devs/.m2/repository/org/springframework/boot/spring-boot/3.3.1/spring-boot-3.3.1.jar:/home/devs/.m2/repository/org/springframework/boot/spring-boot-autoconfigure/3.3.1/spring-boot-autoconfigure-3.3.1.jar:/home/devs/.m2/repository/org/postgresql/postgresql/42.7.3/postgresql-42.7.3.jar:/home/devs/.m2/repository/org/checkerframework/checker-qual/3.42.0/checker-qual-3.42.0.jar:/home/devs/.m2/repository/org/springframework/boot/spring-boot-starter-tomcat/3.3.1/spring-boot-starter-tomcat-3.3.1.jar:/home/devs/.m2/repository/jakarta/annotation/jakarta.annotation-api/2.1.1/jakarta.annotation-api-2.1.1.jar:/home/devs/.m2/repository/org/apache/tomcat/embed/tomcat-embed-core/10.1.25/tomcat-embed-core-10.1.25.jar:/home/devs/.m2/repository/org/apache/tomcat/embed/tomcat-embed-el/10.1.25/tomcat-embed-el-10.1.25.jar:/home/devs/.m2/repository/org/apache/tomcat/embed/tomcat-embed-websocket/10.1.25/tomcat-embed-websocket-10.1.25.jar:/home/devs/.m2/repository/org/springframework/boot/spring-boot-starter-test/3.3.1/spring-boot-starter-test-3.3.1.jar:/home/devs/.m2/repository/org/springframework/boot/spring-boot-test/3.3.1/spring-boot-test-3.3.1.jar:/home/devs/.m2/repository/org/springframework/boot/spring-boot-test-autoconfigure/3.3.1/spring-boot-test-autoconfigure-3.3.1.jar:/home/devs/.m2/repository/com/jayway/jsonpath/json-path/2.9.0/json-path-2.9.0.jar:/home/devs/.m2/repository/jakarta/xml/bind/jakarta.xml.bind-api/4.0.2/jakarta.xml.bind-api-4.0.2.jar:/home/devs/.m2/repository/jakarta/activation/jakarta.activation-api/2.1.3/jakarta.activation-api-2.1.3.jar:/home/devs/.m2/repository/net/minidev/json-smart/2.5.1/json-smart-2.5.1.jar:/home/devs/.m2/repository/net/minidev/accessors-smart/2.5.1/accessors-smart-2.5.1.jar:/home/devs/.m2/repository/org/ow2/asm/asm/9.6/asm-9.6.jar:/home/devs/.m2/repository/org/assertj/assertj-core/3.25.3/assertj-core-3.25.3.jar:/home/devs/.m2/repository/org/awaitility/awaitility/4.2.1/awaitility-4.2.1.jar:/home/devs/.m2/repository/org/hamcrest/hamcrest/2.2/hamcrest-2.2.jar:/home/devs/.m2/repository/org/junit/jupiter/junit-jupiter/5.10.2/junit-jupiter-5.10.2.jar:/home/devs/.m2/repository/org/junit/jupiter/junit-jupiter-api/5.10.2/junit-jupiter-api-5.10.2.jar:/home/devs/.m2/repository/org/opentest4j/opentest4j/1.3.0/opentest4j-1.3.0.jar:/home/devs/.m2/repository/org/junit/platform/junit-platform-commons/1.10.2/junit-platform-commons-1.10.2.jar:/home/devs/.m2/repository/org/apiguardian/apiguardian-api/1.1.2/apiguardian-api-1.1.2.jar:/home/devs/.m2/repository/org/junit/jupiter/junit-jupiter-params/5.10.2/junit-jupiter-params-5.10.2.jar:/home/devs/.m2/repository/org/junit/jupiter/junit-jupiter-engine/5.10.2/junit-jupiter-engine-5.10.2.jar:/home/devs/.m2/repository/org/junit/platform/junit-platform-engine/1.10.2/junit-platform-engine-1.10.2.jar:/home/devs/.m2/repository/org/mockito/mockito-core/5.11.0/mockito-core-5.11.0.jar:/home/devs/.m2/repository/net/bytebuddy/byte-buddy-agent/1.14.17/byte-buddy-agent-1.14.17.jar:/home/devs/.m2/repository/org/objenesis/objenesis/3.3/objenesis-3.3.jar:/home/devs/.m2/repository/org/mockito/mockito-junit-jupiter/5.11.0/mockito-junit-jupiter-5.11.0.jar:/home/devs/.m2/repository/org/skyscreamer/jsonassert/1.5.1/jsonassert-1.5.1.jar:/home/devs/.m2/repository/com/vaadin/external/google/android-json/0.0.20131108.vaadin1/android-json-0.0.20131108.vaadin1.jar:/home/devs/.m2/repository/org/springframework/spring-core/6.1.10/spring-core-6.1.10.jar:/home/devs/.m2/repository/org/springframework/spring-jcl/6.1.10/spring-jcl-6.1.10.jar:/home/devs/.m2/repository/org/springframework/spring-test/6.1.10/spring-test-6.1.10.jar:/home/devs/.m2/repository/org/xmlunit/xmlunit-core/2.9.1/xmlunit-core-2.9.1.jar:"/>
    <property name="sun.cpu.endian" value="little"/>
    <property name="user.home" value="/home/devs"/>
    <property name="user.language" value="en"/>
    <property name="java.specification.vendor" value="Oracle Corporation"/>
    <property name="java.version.date" value="2024-04-16"/>
    <property name="java.home" value="/usr/lib/jvm/java-21-openjdk-amd64"/>
    <property name="file.separator" value="/"/>
    <property name="basedir" value="/home/devs/Documents/Projetos_pos/StpDourados"/>
    <property name="style.color" value="always"/>
    <property name="java.vm.compressedOopsMode" value="Zero based"/>
    <property name="line.separator" value="&#10;"/>
    <property name="java.vm.specification.vendor" value="Oracle Corporation"/>
    <property name="java.specification.name" value="Java Platform API Specification"/>
    <property name="FILE_LOG_CHARSET" value="UTF-8"/>
    <property name="java.awt.headless" value="true"/>
    <property name="surefire.real.class.path" value="/home/devs/Documents/Projetos_pos/StpDourados/target/surefire/surefirebooter-20240704002107752_3.jar"/>
    <property name="sun.management.compiler" value="HotSpot 64-Bit Tiered Compilers"/>
    <property name="java.runtime.version" value="21.0.3+9-Ubuntu-1ubuntu122.04.1"/>
    <property name="user.name" value="devs"/>
    <property name="stdout.encoding" value="UTF-8"/>
    <property name="path.separator" value=":"/>
    <property name="os.version" value="6.5.0-41-generic"/>
    <property name="java.runtime.name" value="OpenJDK Runtime Environment"/>
    <property name="file.encoding" value="UTF-8"/>
    <property name="java.vm.name" value="OpenJDK 64-Bit Server VM"/>
    <property name="localRepository" value="/home/devs/.m2/repository"/>
    <property name="java.vendor.url.bug" value="https://bugs.launchpad.net/ubuntu/+source/openjdk-21"/>
    <property name="java.io.tmpdir" value="/tmp"/>
    <property name="com.zaxxer.hikari.pool_number" value="1"/>
    <property name="java.version" value="21.0.3"/>
    <property name="user.dir" value="/home/devs/Documents/Projetos_pos/StpDourados"/>
    <property name="os.arch" value="amd64"/>
    <property name="java.vm.specification.name" value="Java Virtual Machine Specification"/>
    <property name="PID" value="12132"/>
    <property name="user.language.format" value="pt"/>
    <property name="CONSOLE_LOG_CHARSET" value="UTF-8"/>
    <property name="native.encoding" value="UTF-8"/>
    <property name="java.library.path" value="/usr/java/packages/lib:/usr/lib/x86_64-linux-gnu/jni:/lib/x86_64-linux-gnu:/usr/lib/x86_64-linux-gnu:/usr/lib/jni:/lib:/usr/lib"/>
    <property name="java.vm.info" value="mixed mode, sharing"/>
    <property name="stderr.encoding" value="UTF-8"/>
    <property name="java.vendor" value="Ubuntu"/>
    <property name="java.vm.version" value="21.0.3+9-Ubuntu-1ubuntu122.04.1"/>
    <property name="sun.io.unicode.encoding" value="UnicodeLittle"/>
    <property name="java.class.version" value="65.0"/>
    <property name="LOGGED_APPLICATION_NAME" value="[StpDourados] "/>
  </properties>
  <testcase name="contextLoads" classname="br.ufg.inf.backend.StpDourados.StpDouradosApplicationTests" time="0.41">
    <system-out><![CDATA[00:21:08.466 [main] INFO org.springframework.test.context.support.AnnotationConfigContextLoaderUtils -- Could not detect default configuration classes for test class [br.ufg.inf.backend.StpDourados.StpDouradosApplicationTests]: StpDouradosApplicationTests does not declare any static, non-private, non-final, nested classes annotated with @Configuration.
00:21:08.592 [main] INFO org.springframework.boot.test.context.SpringBootTestContextBootstrapper -- Found @SpringBootConfiguration br.ufg.inf.backend.StpDourados.StpDouradosApplication for test class br.ufg.inf.backend.StpDourados.StpDouradosApplicationTests
00:21:08.759 [main] INFO org.springframework.boot.devtools.restart.RestartApplicationListener -- Restart disabled due to context in which it is running

  .   ____          _            __ _ _
 /\\ / ___'_ __ _ _(_)_ __  __ _ \ \ \ \
( ( )\___ | '_ | '_| | '_ \/ _` | \ \ \ \
 \\/  ___)| |_)| | | | | || (_| |  ) ) ) )
  '  |____| .__|_| |_|_| |_\__, | / / / /
 =========|_|==============|___/=/_/_/_/

 :: Spring Boot ::                (v3.3.1)

2024-07-04T00:21:08.978-03:00  INFO 12132 --- [StpDourados] [           main] b.u.i.b.S.StpDouradosApplicationTests    : Starting StpDouradosApplicationTests using Java 21.0.3 with PID 12132 (started by devs in /home/devs/Documents/Projetos_pos/StpDourados)
2024-07-04T00:21:08.980-03:00  INFO 12132 --- [StpDourados] [           main] b.u.i.b.S.StpDouradosApplicationTests    : No active profile set, falling back to 1 default profile: "default"
2024-07-04T00:21:09.555-03:00  INFO 12132 --- [StpDourados] [           main] .s.d.r.c.RepositoryConfigurationDelegate : Bootstrapping Spring Data JPA repositories in DEFAULT mode.
2024-07-04T00:21:09.630-03:00  INFO 12132 --- [StpDourados] [           main] .s.d.r.c.RepositoryConfigurationDelegate : Finished Spring Data repository scanning in 68 ms. Found 10 JPA repository interfaces.
2024-07-04T00:21:10.091-03:00  INFO 12132 --- [StpDourados] [           main] o.hibernate.jpa.internal.util.LogHelper  : HHH000204: Processing PersistenceUnitInfo [name: default]
2024-07-04T00:21:10.137-03:00  INFO 12132 --- [StpDourados] [           main] org.hibernate.Version                    : HHH000412: Hibernate ORM core version 6.5.2.Final
2024-07-04T00:21:10.162-03:00  INFO 12132 --- [StpDourados] [           main] o.h.c.internal.RegionFactoryInitiator    : HHH000026: Second-level cache disabled
2024-07-04T00:21:10.395-03:00  INFO 12132 --- [StpDourados] [           main] o.s.o.j.p.SpringPersistenceUnitInfo      : No LoadTimeWeaver setup: ignoring JPA class transformer
2024-07-04T00:21:10.425-03:00  INFO 12132 --- [StpDourados] [           main] com.zaxxer.hikari.HikariDataSource       : HikariPool-1 - Starting...
2024-07-04T00:21:10.750-03:00  INFO 12132 --- [StpDourados] [           main] com.zaxxer.hikari.pool.HikariPool        : HikariPool-1 - Added connection org.postgresql.jdbc.PgConnection@6d8b7ea9
2024-07-04T00:21:10.752-03:00  INFO 12132 --- [StpDourados] [           main] com.zaxxer.hikari.HikariDataSource       : HikariPool-1 - Start completed.
2024-07-04T00:21:11.626-03:00  INFO 12132 --- [StpDourados] [           main] o.h.e.t.j.p.i.JtaPlatformInitiator       : HHH000489: No JTA platform available (set 'hibernate.transaction.jta.platform' to enable JTA platform integration)
Hibernate: create table documento_transferencia (id bigint generated by default as identity, primary key (id))
Hibernate: create table documento_transferencia_drogas_administradas (documento_transferencia_id bigint not null, drogas_administradas_id bigint not null)
Hibernate: create table documento_transferencia_procedimentos_acondicionamento (documento_transferencia_id bigint not null, procedimentos_acondicionamento varchar(255))
Hibernate: create table documento_transferencia_procedimentos_recebimento (documento_transferencia_id bigint not null, procedimentos_recebimento varchar(255))
Hibernate: create table endereco (id bigint generated by default as identity, bairro varchar(255), cep varchar(255), cidade varchar(255), complemento varchar(255), estado varchar(255), rua varchar(255), primary key (id))
Hibernate: create table especialidade (id bigint generated by default as identity, descricao varchar(255), nome varchar(255), primary key (id))
Hibernate: create table medicamento (id bigint generated by default as identity, descricao varchar(255), nome varchar(255), principio_ativo varchar(255), primary key (id))
Hibernate: create table medicamento_prescrito (id bigint generated by default as identity, dosagem float(53), posologia varchar(255), unidade_dosagem varchar(255), via_administracao varchar(255), medicamento_id bigint, primary key (id))
Hibernate: create table medico (id bigint generated by default as identity, crm varchar(255), nome varchar(255), papel varchar(255), telefone varchar(255), especialidade_id bigint, unidade_hospitalar_id bigint, primary key (id))
Hibernate: create table paciente (id bigint generated by default as identity, contato_emergencia varchar(255), cpf varchar(255), data_nascimento timestamp(6), email varchar(255), nome varchar(255), telefone varchar(255), endereco_id bigint, primary key (id))
Hibernate: create table solicitacao (id bigint generated by default as identity, horario_solicitacao timestamp(6), motivo varchar(255), documento_id bigint, medico_id bigint, paciente_id bigint, primary key (id))
Hibernate: create table solicitacao_especialidades_requisitadas (solicitacao_id bigint not null, especialidades_requisitadas_id bigint not null)
Hibernate: create table transferencia (id bigint generated by default as identity, distancia float(53), horario_previsto_chegada timestamp(6), horario_saida timestamp(6), meio_transporte varchar(255), destino_id bigint, documento_id bigint, medico_destino_id bigint, medico_origem_id bigint, medico_regulador_id bigint, origem_id bigint, paciente_id bigint, solicitacao_id bigint, primary key (id))
Hibernate: create table unidade_hospitalar (id bigint generated by default as identity, dados_pessoal varchar(255), disponibilidade_leitos integer, email varchar(255), latitude float(53), longitude float(53), telefone varchar(255), temuti boolean not null, endereco_id bigint, primary key (id))
Hibernate: create table unidade_hospitalar_especialidades (unidade_hospitalar_id bigint not null, especialidades_id bigint not null)
Hibernate: alter table if exists documento_transferencia_drogas_administradas drop constraint if exists UKmw6w6sgrsu1m3gau6mts31wjf
2024-07-04T00:21:11.757-03:00  WARN 12132 --- [StpDourados] [           main] o.h.engine.jdbc.spi.SqlExceptionHelper   : SQL Warning Code: 0, SQLState: 00000
2024-07-04T00:21:11.758-03:00  WARN 12132 --- [StpDourados] [           main] o.h.engine.jdbc.spi.SqlExceptionHelper   : constraint "ukmw6w6sgrsu1m3gau6mts31wjf" of relation "documento_transferencia_drogas_administradas" does not exist, skipping
Hibernate: alter table if exists documento_transferencia_drogas_administradas add constraint UKmw6w6sgrsu1m3gau6mts31wjf unique (drogas_administradas_id)
Hibernate: alter table if exists paciente drop constraint if exists UKt03xff2qg2dnq4vd538qt9vsc
2024-07-04T00:21:11.764-03:00  WARN 12132 --- [StpDourados] [           main] o.h.engine.jdbc.spi.SqlExceptionHelper   : SQL Warning Code: 0, SQLState: 00000
2024-07-04T00:21:11.765-03:00  WARN 12132 --- [StpDourados] [           main] o.h.engine.jdbc.spi.SqlExceptionHelper   : constraint "ukt03xff2qg2dnq4vd538qt9vsc" of relation "paciente" does not exist, skipping
Hibernate: alter table if exists paciente add constraint UKt03xff2qg2dnq4vd538qt9vsc unique (endereco_id)
Hibernate: alter table if exists unidade_hospitalar drop constraint if exists UK5lw3gb2br1v00ev7mp7pet5ob
2024-07-04T00:21:11.770-03:00  WARN 12132 --- [StpDourados] [           main] o.h.engine.jdbc.spi.SqlExceptionHelper   : SQL Warning Code: 0, SQLState: 00000
2024-07-04T00:21:11.770-03:00  WARN 12132 --- [StpDourados] [           main] o.h.engine.jdbc.spi.SqlExceptionHelper   : constraint "uk5lw3gb2br1v00ev7mp7pet5ob" of relation "unidade_hospitalar" does not exist, skipping
Hibernate: alter table if exists unidade_hospitalar add constraint UK5lw3gb2br1v00ev7mp7pet5ob unique (endereco_id)
Hibernate: alter table if exists documento_transferencia_drogas_administradas add constraint FKiwdqdld1tffo1jrr3yn5pccyn foreign key (drogas_administradas_id) references medicamento_prescrito
Hibernate: alter table if exists documento_transferencia_drogas_administradas add constraint FK7ahhn9mpvm2pe0xjgiklplg7w foreign key (documento_transferencia_id) references documento_transferencia
Hibernate: alter table if exists documento_transferencia_procedimentos_acondicionamento add constraint FK2bgaqgab0lqxyi4gw5xxxpj77 foreign key (documento_transferencia_id) references documento_transferencia
Hibernate: alter table if exists documento_transferencia_procedimentos_recebimento add constraint FKq3c61aij0kt1aj48ikbernmc7 foreign key (documento_transferencia_id) references documento_transferencia
Hibernate: alter table if exists medicamento_prescrito add constraint FKqfpkj2sxtkx2uy6pnkk6ymqyw foreign key (medicamento_id) references medicamento
Hibernate: alter table if exists medico add constraint FKm4iro8s8g0v1rxsgrkb10ya27 foreign key (especialidade_id) references especialidade
Hibernate: alter table if exists medico add constraint FKa38dmbx2nluc8fuh8dfw0ngf1 foreign key (unidade_hospitalar_id) references unidade_hospitalar
Hibernate: alter table if exists paciente add constraint FKpus64vtl67yxnw2kimogd7abx foreign key (endereco_id) references endereco
Hibernate: alter table if exists solicitacao add constraint FKkbh3bfkb2iiipiwfs2uld4obv foreign key (documento_id) references documento_transferencia
Hibernate: alter table if exists solicitacao add constraint FKnp7uaump8ry1me7er45vvus8c foreign key (medico_id) references medico
Hibernate: alter table if exists solicitacao add constraint FKmuvrw4451a9v0xh6u7xkdbf2l foreign key (paciente_id) references paciente
Hibernate: alter table if exists solicitacao_especialidades_requisitadas add constraint FKloolndesrmppuqre3c9mcev3l foreign key (especialidades_requisitadas_id) references especialidade
Hibernate: alter table if exists solicitacao_especialidades_requisitadas add constraint FKn2axu6m5ashicmy56wrie4ol8 foreign key (solicitacao_id) references solicitacao
Hibernate: alter table if exists transferencia add constraint FKpfpa4vsvrjts6fb57b55xyhut foreign key (destino_id) references unidade_hospitalar
Hibernate: alter table if exists transferencia add constraint FKmtraqakl5jmry5t19lux2jnxv foreign key (documento_id) references documento_transferencia
Hibernate: alter table if exists transferencia add constraint FKnoinduf39l9w4vsgw5dt7crwd foreign key (medico_destino_id) references medico
Hibernate: alter table if exists transferencia add constraint FKip2kreeti9mgf4tg4gyoxfvca foreign key (medico_origem_id) references medico
Hibernate: alter table if exists transferencia add constraint FKdwrwrvchihqq6o3muidu5yvmb foreign key (medico_regulador_id) references medico
Hibernate: alter table if exists transferencia add constraint FKkkvir0t3qtb9jas4rtqa8ukak foreign key (origem_id) references unidade_hospitalar
Hibernate: alter table if exists transferencia add constraint FK53oysk5w92lmi38mln25cpyu foreign key (paciente_id) references paciente
Hibernate: alter table if exists transferencia add constraint FKro0ju21k3dyjwvxlmnxqxp8o2 foreign key (solicitacao_id) references solicitacao
Hibernate: alter table if exists unidade_hospitalar add constraint FKmg2wlgd9xoh8o4g986pufo84m foreign key (endereco_id) references endereco
Hibernate: alter table if exists unidade_hospitalar_especialidades add constraint FK2mbimru33cu3y57frfpxpoeab foreign key (especialidades_id) references especialidade
Hibernate: alter table if exists unidade_hospitalar_especialidades add constraint FK5x97ljawo49nlceams0garlgu foreign key (unidade_hospitalar_id) references unidade_hospitalar
2024-07-04T00:21:11.837-03:00  INFO 12132 --- [StpDourados] [           main] j.LocalContainerEntityManagerFactoryBean : Initialized JPA EntityManagerFactory for persistence unit 'default'
2024-07-04T00:21:12.293-03:00  WARN 12132 --- [StpDourados] [           main] JpaBaseConfiguration$JpaWebConfiguration : spring.jpa.open-in-view is enabled by default. Therefore, database queries may be performed during view rendering. Explicitly configure spring.jpa.open-in-view to disable this warning
2024-07-04T00:21:12.637-03:00  INFO 12132 --- [StpDourados] [           main] b.u.i.b.S.StpDouradosApplicationTests    : Started StpDouradosApplicationTests in 3.89 seconds (process running for 4.828)
]]></system-out>
    <system-err><![CDATA[WARNING: A Java agent has been loaded dynamically (/home/devs/.m2/repository/net/bytebuddy/byte-buddy-agent/1.14.17/byte-buddy-agent-1.14.17.jar)
WARNING: If a serviceability tool is in use, please run with -XX:+EnableDynamicAgentLoading to hide this warning
WARNING: If a serviceability tool is not in use, please run with -Djdk.instrument.traceUsage for more information
WARNING: Dynamic loading of agents will be disallowed by default in a future release
]]></system-err>
  </testcase>
</testsuite>